Traceback (most recent call last):
  File "/usr/local/lib/python3.9/dist-packages/jupyter_cache/executors/utils.py", line 58, in single_nb_execution
    executenb(
  File "/usr/local/lib/python3.9/dist-packages/nbclient/client.py", line 1204, in execute
    return NotebookClient(nb=nb, resources=resources, km=km, **kwargs).execute()
  File "/usr/local/lib/python3.9/dist-packages/nbclient/util.py", line 84, in wrapped
    return just_run(coro(*args, **kwargs))
  File "/usr/local/lib/python3.9/dist-packages/nbclient/util.py", line 62, in just_run
    return loop.run_until_complete(coro)
  File "/usr/lib/python3.9/asyncio/base_events.py", line 647, in run_until_complete
    return future.result()
  File "/usr/local/lib/python3.9/dist-packages/nbclient/client.py", line 663, in async_execute
    await self.async_execute_cell(
  File "/usr/local/lib/python3.9/dist-packages/nbclient/client.py", line 965, in async_execute_cell
    await self._check_raise_for_error(cell, cell_index, exec_reply)
  File "/usr/local/lib/python3.9/dist-packages/nbclient/client.py", line 862, in _check_raise_for_error
    raise CellExecutionError.from_cell_and_msg(cell, exec_reply_content)
nbclient.exceptions.CellExecutionError: An error occurred while executing the following cell:
------------------
# Import the library Selenium 
from selenium import webdriver 
from selenium.webdriver.common.action_chains import ActionChains   
# Make browser open in background 
  options = webdriver.ChromeOptions() 
  options.add_argument('headless') 
------------------

[0;36m  File [0;32m"<ipython-input-2-efafa67a6288>"[0;36m, line [0;32m2[0m
[0;31m    from selenium import webdriver[0m
[0m        ^[0m
[0;31mSyntaxError[0m[0;31m:[0m invalid non-printable character U+00A0

SyntaxError: invalid non-printable character U+00A0 (<ipython-input-2-efafa67a6288>, line 2)

